<?xml version="1.0" encoding="UTF-8"?>
<coverage generated="1635265670641" clover="3.2.0">
  <project timestamp="1635265670641" name="All files">
    <metrics statements="50" coveredstatements="50" conditionals="22" coveredconditionals="22" methods="19" coveredmethods="19" elements="91" coveredelements="91" complexity="0" loc="50" ncloc="50" packages="7" files="8" classes="8"/>
    <package name="posts.utils">
      <metrics statements="14" coveredstatements="14" conditionals="20" coveredconditionals="20" methods="2" coveredmethods="2"/>
      <file name="mapFetchResponse.ts" path="/Users/cirkul/Proj/TestApp/src/posts/utils/mapFetchResponse.ts">
        <metrics statements="14" coveredstatements="14" conditionals="20" coveredconditionals="20" methods="2" coveredmethods="2"/>
        <line num="3" count="2" type="stmt"/>
        <line num="4" count="11" type="cond" truecount="2" falsecount="0"/>
        <line num="5" count="1" type="stmt"/>
        <line num="8" count="10" type="stmt"/>
        <line num="9" count="31" type="cond" truecount="4" falsecount="0"/>
        <line num="10" count="7" type="stmt"/>
        <line num="12" count="24" type="cond" truecount="4" falsecount="0"/>
        <line num="13" count="5" type="stmt"/>
        <line num="15" count="19" type="cond" truecount="5" falsecount="0"/>
        <line num="16" count="4" type="stmt"/>
        <line num="18" count="15" type="cond" truecount="2" falsecount="0"/>
        <line num="22" count="4" type="stmt"/>
        <line num="25" count="11" type="stmt"/>
        <line num="33" count="10" type="stmt"/>
      </file>
    </package>
    <package name="redux.actions">
      <metrics statements="4" coveredstatements="4" conditionals="0" coveredconditionals="0" methods="0" coveredmethods="0"/>
      <file name="post.ts" path="/Users/cirkul/Proj/TestApp/src/redux/actions/post.ts">
        <metrics statements="4" coveredstatements="4" conditionals="0" coveredconditionals="0" methods="0" coveredmethods="0"/>
        <line num="9" count="2" type="stmt"/>
        <line num="10" count="2" type="stmt"/>
        <line num="11" count="2" type="stmt"/>
        <line num="12" count="2" type="stmt"/>
      </file>
    </package>
    <package name="redux.constants">
      <metrics statements="1" coveredstatements="1" conditionals="0" coveredconditionals="0" methods="0" coveredmethods="0"/>
      <file name="postActions.ts" path="/Users/cirkul/Proj/TestApp/src/redux/constants/postActions.ts">
        <metrics statements="1" coveredstatements="1" conditionals="0" coveredconditionals="0" methods="0" coveredmethods="0"/>
        <line num="1" count="2" type="stmt"/>
      </file>
    </package>
    <package name="redux.reducers">
      <metrics statements="7" coveredstatements="7" conditionals="0" coveredconditionals="0" methods="5" coveredmethods="5"/>
      <file name="posts.ts" path="/Users/cirkul/Proj/TestApp/src/redux/reducers/posts.ts">
        <metrics statements="7" coveredstatements="7" conditionals="0" coveredconditionals="0" methods="5" coveredmethods="5"/>
        <line num="12" count="1" type="stmt"/>
        <line num="18" count="1" type="stmt"/>
        <line num="21" count="1" type="stmt"/>
        <line num="22" count="3" type="stmt"/>
        <line num="27" count="3" type="stmt"/>
        <line num="32" count="4" type="stmt"/>
        <line num="37" count="9" type="stmt"/>
      </file>
    </package>
    <package name="redux.sagas">
      <metrics statements="8" coveredstatements="8" conditionals="0" coveredconditionals="0" methods="4" coveredmethods="4"/>
      <file name="post.ts" path="/Users/cirkul/Proj/TestApp/src/redux/sagas/post.ts">
        <metrics statements="8" coveredstatements="8" conditionals="0" coveredconditionals="0" methods="4" coveredmethods="4"/>
        <line num="14" count="2" type="stmt"/>
        <line num="15" count="2" type="stmt"/>
        <line num="16" count="2" type="stmt"/>
        <line num="17" count="1" type="stmt"/>
        <line num="19" count="1" type="stmt"/>
        <line num="24" count="1" type="stmt"/>
        <line num="27" count="1" type="stmt"/>
        <line num="28" count="1" type="stmt"/>
      </file>
    </package>
    <package name="redux.selectors">
      <metrics statements="10" coveredstatements="10" conditionals="2" coveredconditionals="2" methods="5" coveredmethods="5"/>
      <file name="posts.ts" path="/Users/cirkul/Proj/TestApp/src/redux/selectors/posts.ts">
        <metrics statements="10" coveredstatements="10" conditionals="2" coveredconditionals="2" methods="5" coveredmethods="5"/>
        <line num="7" count="8" type="stmt"/>
        <line num="11" count="2" type="stmt"/>
        <line num="12" count="2" type="stmt"/>
        <line num="16" count="2" type="stmt"/>
        <line num="17" count="2" type="stmt"/>
        <line num="21" count="2" type="stmt"/>
        <line num="22" count="2" type="stmt"/>
        <line num="26" count="2" type="stmt"/>
        <line num="27" count="2" type="stmt"/>
        <line num="28" count="2" type="cond" truecount="2" falsecount="0"/>
      </file>
    </package>
    <package name="utils">
      <metrics statements="6" coveredstatements="6" conditionals="0" coveredconditionals="0" methods="3" coveredmethods="3"/>
      <file name="loadData.ts" path="/Users/cirkul/Proj/TestApp/src/utils/loadData.ts">
        <metrics statements="4" coveredstatements="4" conditionals="0" coveredconditionals="0" methods="1" coveredmethods="1"/>
        <line num="1" count="2" type="stmt"/>
        <line num="2" count="1" type="stmt"/>
        <line num="3" count="1" type="stmt"/>
        <line num="5" count="1" type="stmt"/>
      </file>
      <file name="normalizeData.ts" path="/Users/cirkul/Proj/TestApp/src/utils/normalizeData.ts">
        <metrics statements="2" coveredstatements="2" conditionals="0" coveredconditionals="0" methods="2" coveredmethods="2"/>
        <line num="10" count="5" type="stmt"/>
        <line num="11" count="12" type="stmt"/>
      </file>
    </package>
  </project>
</coverage>
