{"/Users/cirkul/Proj/TestApp/src/posts/utils/mapFetchResponse.ts": {"path":"/Users/cirkul/Proj/TestApp/src/posts/utils/mapFetchResponse.ts","statementMap":{"0":{"start":{"line":3,"column":32},"end":{"line":34,"column":1}},"1":{"start":{"line":4,"column":2},"end":{"line":6,"column":3}},"2":{"start":{"line":5,"column":4},"end":{"line":5,"column":14}},"3":{"start":{"line":8,"column":17},"end":{"line":31,"column":4}},"4":{"start":{"line":9,"column":4},"end":{"line":11,"column":5}},"5":{"start":{"line":10,"column":6},"end":{"line":10,"column":18}},"6":{"start":{"line":12,"column":4},"end":{"line":14,"column":5}},"7":{"start":{"line":13,"column":6},"end":{"line":13,"column":18}},"8":{"start":{"line":15,"column":4},"end":{"line":17,"column":5}},"9":{"start":{"line":16,"column":6},"end":{"line":16,"column":18}},"10":{"start":{"line":18,"column":4},"end":{"line":23,"column":5}},"11":{"start":{"line":22,"column":6},"end":{"line":22,"column":18}},"12":{"start":{"line":25,"column":4},"end":{"line":30,"column":6}},"13":{"start":{"line":33,"column":2},"end":{"line":33,"column":32}}},"fnMap":{"0":{"name":"(anonymous_0)","decl":{"start":{"line":3,"column":32},"end":{"line":3,"column":33}},"loc":{"start":{"line":3,"column":56},"end":{"line":34,"column":1}},"line":3},"1":{"name":"(anonymous_1)","decl":{"start":{"line":8,"column":26},"end":{"line":8,"column":27}},"loc":{"start":{"line":8,"column":39},"end":{"line":31,"column":3}},"line":8}},"branchMap":{"0":{"loc":{"start":{"line":4,"column":2},"end":{"line":6,"column":3}},"type":"if","locations":[{"start":{"line":4,"column":2},"end":{"line":6,"column":3}},{"start":{},"end":{}}],"line":4},"1":{"loc":{"start":{"line":9,"column":4},"end":{"line":11,"column":5}},"type":"if","locations":[{"start":{"line":9,"column":4},"end":{"line":11,"column":5}},{"start":{},"end":{}}],"line":9},"2":{"loc":{"start":{"line":9,"column":8},"end":{"line":9,"column":49}},"type":"binary-expr","locations":[{"start":{"line":9,"column":8},"end":{"line":9,"column":17}},{"start":{"line":9,"column":21},"end":{"line":9,"column":49}}],"line":9},"3":{"loc":{"start":{"line":12,"column":4},"end":{"line":14,"column":5}},"type":"if","locations":[{"start":{"line":12,"column":4},"end":{"line":14,"column":5}},{"start":{},"end":{}}],"line":12},"4":{"loc":{"start":{"line":12,"column":8},"end":{"line":12,"column":47}},"type":"binary-expr","locations":[{"start":{"line":12,"column":8},"end":{"line":12,"column":16}},{"start":{"line":12,"column":20},"end":{"line":12,"column":47}}],"line":12},"5":{"loc":{"start":{"line":15,"column":4},"end":{"line":17,"column":5}},"type":"if","locations":[{"start":{"line":15,"column":4},"end":{"line":17,"column":5}},{"start":{},"end":{}}],"line":15},"6":{"loc":{"start":{"line":15,"column":8},"end":{"line":15,"column":74}},"type":"binary-expr","locations":[{"start":{"line":15,"column":8},"end":{"line":15,"column":14}},{"start":{"line":15,"column":19},"end":{"line":15,"column":44}},{"start":{"line":15,"column":48},"end":{"line":15,"column":73}}],"line":15},"7":{"loc":{"start":{"line":18,"column":4},"end":{"line":23,"column":5}},"type":"if","locations":[{"start":{"line":18,"column":4},"end":{"line":23,"column":5}},{"start":{},"end":{}}],"line":18},"8":{"loc":{"start":{"line":19,"column":6},"end":{"line":20,"column":70}},"type":"binary-expr","locations":[{"start":{"line":19,"column":6},"end":{"line":19,"column":16}},{"start":{"line":20,"column":7},"end":{"line":20,"column":36}},{"start":{"line":20,"column":40},"end":{"line":20,"column":69}}],"line":19}},"s":{"0":2,"1":11,"2":1,"3":10,"4":31,"5":7,"6":24,"7":5,"8":19,"9":4,"10":15,"11":4,"12":11,"13":10},"f":{"0":11,"1":31},"b":{"0":[1,10],"1":[7,24],"2":[31,27],"3":[5,19],"4":[24,21],"5":[4,15],"6":[19,17,16],"7":[4,11],"8":[15,13,12]},"_coverageSchema":"1a1c01bbd47fc00a2c39e90264f33305004495a9","hash":"ec56c6c70c843b637bfe95193be2a048edf0a7b4"}
,"/Users/cirkul/Proj/TestApp/src/redux/actions/post.ts": {"path":"/Users/cirkul/Proj/TestApp/src/redux/actions/post.ts","statementMap":{"0":{"start":{"line":9,"column":23},"end":{"line":9,"column":56}},"1":{"start":{"line":10,"column":23},"end":{"line":10,"column":56}},"2":{"start":{"line":11,"column":21},"end":{"line":11,"column":71}},"3":{"start":{"line":12,"column":23},"end":{"line":12,"column":65}}},"fnMap":{},"branchMap":{},"s":{"0":2,"1":2,"2":2,"3":2},"f":{},"b":{},"_coverageSchema":"1a1c01bbd47fc00a2c39e90264f33305004495a9","hash":"13484a741d3fd996c5e39e81b5aea5684f68c211"}
,"/Users/cirkul/Proj/TestApp/src/redux/constants/postActions.ts": {"path":"/Users/cirkul/Proj/TestApp/src/redux/constants/postActions.ts","statementMap":{"0":{"start":{"line":1,"column":27},"end":{"line":6,"column":1}}},"fnMap":{},"branchMap":{},"s":{"0":2},"f":{},"b":{},"_coverageSchema":"1a1c01bbd47fc00a2c39e90264f33305004495a9","hash":"5d133e53fd339dffd2e62d51e7b24a2e3ed40c50"}
,"/Users/cirkul/Proj/TestApp/src/redux/reducers/posts.ts": {"path":"/Users/cirkul/Proj/TestApp/src/redux/reducers/posts.ts","statementMap":{"0":{"start":{"line":12,"column":40},"end":{"line":16,"column":1}},"1":{"start":{"line":18,"column":27},"end":{"line":42,"column":1}},"2":{"start":{"line":21,"column":4},"end":{"line":40,"column":10}},"3":{"start":{"line":22,"column":34},"end":{"line":26,"column":7}},"4":{"start":{"line":27,"column":42},"end":{"line":31,"column":7}},"5":{"start":{"line":32,"column":44},"end":{"line":40,"column":7}},"6":{"start":{"line":37,"column":42},"end":{"line":37,"column":49}}},"fnMap":{"0":{"name":"(anonymous_0)","decl":{"start":{"line":20,"column":2},"end":{"line":20,"column":3}},"loc":{"start":{"line":20,"column":13},"end":{"line":41,"column":3}},"line":20},"1":{"name":"(anonymous_1)","decl":{"start":{"line":22,"column":24},"end":{"line":22,"column":25}},"loc":{"start":{"line":22,"column":34},"end":{"line":26,"column":7}},"line":22},"2":{"name":"(anonymous_2)","decl":{"start":{"line":27,"column":22},"end":{"line":27,"column":23}},"loc":{"start":{"line":27,"column":42},"end":{"line":31,"column":7}},"line":27},"3":{"name":"(anonymous_3)","decl":{"start":{"line":32,"column":24},"end":{"line":32,"column":25}},"loc":{"start":{"line":32,"column":44},"end":{"line":40,"column":7}},"line":32},"4":{"name":"(anonymous_4)","decl":{"start":{"line":37,"column":34},"end":{"line":37,"column":35}},"loc":{"start":{"line":37,"column":42},"end":{"line":37,"column":49}},"line":37}},"branchMap":{},"s":{"0":1,"1":1,"2":1,"3":3,"4":3,"5":4,"6":9},"f":{"0":1,"1":3,"2":3,"3":4,"4":9},"b":{},"_coverageSchema":"1a1c01bbd47fc00a2c39e90264f33305004495a9","hash":"05d81cca92aa1a7141b9368e6f6d738274597697"}
,"/Users/cirkul/Proj/TestApp/src/redux/sagas/post.ts": {"path":"/Users/cirkul/Proj/TestApp/src/redux/sagas/post.ts","statementMap":{"0":{"start":{"line":14,"column":2},"end":{"line":20,"column":3}},"1":{"start":{"line":15,"column":4},"end":{"line":15,"column":25}},"2":{"start":{"line":16,"column":30},"end":{"line":16,"column":50}},"3":{"start":{"line":17,"column":4},"end":{"line":17,"column":48}},"4":{"start":{"line":19,"column":4},"end":{"line":19,"column":44}},"5":{"start":{"line":24,"column":2},"end":{"line":24,"column":49}},"6":{"start":{"line":27,"column":23},"end":{"line":27,"column":37}},"7":{"start":{"line":28,"column":2},"end":{"line":28,"column":51}},"8":{"start":{"line":28,"column":37},"end":{"line":28,"column":48}}},"fnMap":{"0":{"name":"getData","decl":{"start":{"line":13,"column":17},"end":{"line":13,"column":24}},"loc":{"start":{"line":13,"column":27},"end":{"line":21,"column":1}},"line":13},"1":{"name":"watchRequest","decl":{"start":{"line":23,"column":17},"end":{"line":23,"column":29}},"loc":{"start":{"line":23,"column":32},"end":{"line":25,"column":1}},"line":23},"2":{"name":"postSaga","decl":{"start":{"line":26,"column":25},"end":{"line":26,"column":33}},"loc":{"start":{"line":26,"column":36},"end":{"line":29,"column":1}},"line":26},"3":{"name":"(anonymous_3)","decl":{"start":{"line":28,"column":29},"end":{"line":28,"column":30}},"loc":{"start":{"line":28,"column":37},"end":{"line":28,"column":48}},"line":28}},"branchMap":{},"s":{"0":2,"1":2,"2":2,"3":1,"4":1,"5":1,"6":1,"7":1,"8":1},"f":{"0":2,"1":1,"2":1,"3":1},"b":{},"_coverageSchema":"1a1c01bbd47fc00a2c39e90264f33305004495a9","hash":"ce7e4b2b74bda3d18d3013e23840b4f9c200688c"}
,"/Users/cirkul/Proj/TestApp/src/redux/selectors/posts.ts": {"path":"/Users/cirkul/Proj/TestApp/src/redux/selectors/posts.ts","statementMap":{"0":{"start":{"line":7,"column":2},"end":{"line":7,"column":21}},"1":{"start":{"line":11,"column":15},"end":{"line":11,"column":34}},"2":{"start":{"line":12,"column":2},"end":{"line":12,"column":24}},"3":{"start":{"line":16,"column":15},"end":{"line":16,"column":34}},"4":{"start":{"line":17,"column":2},"end":{"line":17,"column":22}},"5":{"start":{"line":21,"column":15},"end":{"line":21,"column":34}},"6":{"start":{"line":22,"column":2},"end":{"line":22,"column":20}},"7":{"start":{"line":26,"column":15},"end":{"line":26,"column":34}},"8":{"start":{"line":27,"column":15},"end":{"line":27,"column":35}},"9":{"start":{"line":28,"column":2},"end":{"line":28,"column":28}}},"fnMap":{"0":{"name":"getPostsRoot","decl":{"start":{"line":6,"column":9},"end":{"line":6,"column":21}},"loc":{"start":{"line":6,"column":53},"end":{"line":8,"column":1}},"line":6},"1":{"name":"getAllPostsIds","decl":{"start":{"line":10,"column":16},"end":{"line":10,"column":30}},"loc":{"start":{"line":10,"column":43},"end":{"line":13,"column":1}},"line":10},"2":{"name":"getPostsIsLoading","decl":{"start":{"line":15,"column":16},"end":{"line":15,"column":33}},"loc":{"start":{"line":15,"column":46},"end":{"line":18,"column":1}},"line":15},"3":{"name":"getPostsError","decl":{"start":{"line":20,"column":16},"end":{"line":20,"column":29}},"loc":{"start":{"line":20,"column":42},"end":{"line":23,"column":1}},"line":20},"4":{"name":"getPostById","decl":{"start":{"line":25,"column":16},"end":{"line":25,"column":27}},"loc":{"start":{"line":25,"column":71},"end":{"line":29,"column":1}},"line":25}},"branchMap":{"0":{"loc":{"start":{"line":28,"column":9},"end":{"line":28,"column":27}},"type":"cond-expr","locations":[{"start":{"line":28,"column":16},"end":{"line":28,"column":20}},{"start":{"line":28,"column":23},"end":{"line":28,"column":27}}],"line":28}},"s":{"0":8,"1":2,"2":2,"3":2,"4":2,"5":2,"6":2,"7":2,"8":2,"9":2},"f":{"0":8,"1":2,"2":2,"3":2,"4":2},"b":{"0":[1,1]},"_coverageSchema":"1a1c01bbd47fc00a2c39e90264f33305004495a9","hash":"7e38d531c7444743236cace753acb4b42e876bc0"}
,"/Users/cirkul/Proj/TestApp/src/utils/loadData.ts": {"path":"/Users/cirkul/Proj/TestApp/src/utils/loadData.ts","statementMap":{"0":{"start":{"line":1,"column":24},"end":{"line":6,"column":1}},"1":{"start":{"line":2,"column":19},"end":{"line":2,"column":76}},"2":{"start":{"line":3,"column":16},"end":{"line":3,"column":37}},"3":{"start":{"line":5,"column":2},"end":{"line":5,"column":15}}},"fnMap":{"0":{"name":"(anonymous_0)","decl":{"start":{"line":1,"column":24},"end":{"line":1,"column":25}},"loc":{"start":{"line":1,"column":50},"end":{"line":6,"column":1}},"line":1}},"branchMap":{},"s":{"0":2,"1":1,"2":1,"3":1},"f":{"0":1},"b":{},"_coverageSchema":"1a1c01bbd47fc00a2c39e90264f33305004495a9","hash":"300cd14ae7870244ebf59bcae9530090ce01f6b8"}
,"/Users/cirkul/Proj/TestApp/src/utils/normalizeData.ts": {"path":"/Users/cirkul/Proj/TestApp/src/utils/normalizeData.ts","statementMap":{"0":{"start":{"line":10,"column":2},"end":{"line":12,"column":26}},"1":{"start":{"line":11,"column":4},"end":{"line":11,"column":37}}},"fnMap":{"0":{"name":"normalizeData","decl":{"start":{"line":7,"column":16},"end":{"line":7,"column":29}},"loc":{"start":{"line":9,"column":17},"end":{"line":13,"column":1}},"line":9},"1":{"name":"(anonymous_1)","decl":{"start":{"line":10,"column":21},"end":{"line":10,"column":22}},"loc":{"start":{"line":10,"column":36},"end":{"line":12,"column":3}},"line":10}},"branchMap":{},"s":{"0":5,"1":12},"f":{"0":5,"1":12},"b":{},"_coverageSchema":"1a1c01bbd47fc00a2c39e90264f33305004495a9","hash":"a9b9f4445f8114e70496c09dd859077a8cea69f6"}
}
