TN:
SF:src/posts/utils/mapFetchResponse.ts
FN:3,(anonymous_0)
FN:8,(anonymous_1)
FNF:2
FNH:2
FNDA:11,(anonymous_0)
FNDA:31,(anonymous_1)
DA:3,2
DA:4,11
DA:5,1
DA:8,10
DA:9,31
DA:10,7
DA:12,24
DA:13,5
DA:15,19
DA:16,4
DA:18,15
DA:22,4
DA:25,11
DA:33,10
LF:14
LH:14
BRDA:4,0,0,1
BRDA:4,0,1,10
BRDA:9,1,0,7
BRDA:9,1,1,24
BRDA:9,2,0,31
BRDA:9,2,1,27
BRDA:12,3,0,5
BRDA:12,3,1,19
BRDA:12,4,0,24
BRDA:12,4,1,21
BRDA:15,5,0,4
BRDA:15,5,1,15
BRDA:15,6,0,19
BRDA:15,6,1,17
BRDA:15,6,2,16
BRDA:18,7,0,4
BRDA:18,7,1,11
BRDA:19,8,0,15
BRDA:19,8,1,13
BRDA:19,8,2,12
BRF:20
BRH:20
end_of_record
TN:
SF:src/redux/actions/post.ts
FNF:0
FNH:0
DA:9,2
DA:10,2
DA:11,2
DA:12,2
LF:4
LH:4
BRF:0
BRH:0
end_of_record
TN:
SF:src/redux/constants/postActions.ts
FNF:0
FNH:0
DA:1,2
LF:1
LH:1
BRF:0
BRH:0
end_of_record
TN:
SF:src/redux/reducers/posts.ts
FN:20,(anonymous_0)
FN:22,(anonymous_1)
FN:27,(anonymous_2)
FN:32,(anonymous_3)
FN:37,(anonymous_4)
FNF:5
FNH:5
FNDA:1,(anonymous_0)
FNDA:3,(anonymous_1)
FNDA:3,(anonymous_2)
FNDA:4,(anonymous_3)
FNDA:9,(anonymous_4)
DA:12,1
DA:18,1
DA:21,1
DA:22,3
DA:27,3
DA:32,4
DA:37,9
LF:7
LH:7
BRF:0
BRH:0
end_of_record
TN:
SF:src/redux/sagas/post.ts
FN:13,getData
FN:23,watchRequest
FN:26,postSaga
FN:28,(anonymous_3)
FNF:4
FNH:4
FNDA:2,getData
FNDA:1,watchRequest
FNDA:1,postSaga
FNDA:1,(anonymous_3)
DA:14,2
DA:15,2
DA:16,2
DA:17,1
DA:19,1
DA:24,1
DA:27,1
DA:28,1
LF:8
LH:8
BRF:0
BRH:0
end_of_record
TN:
SF:src/redux/selectors/posts.ts
FN:6,getPostsRoot
FN:10,getAllPostsIds
FN:15,getPostsIsLoading
FN:20,getPostsError
FN:25,getPostById
FNF:5
FNH:5
FNDA:8,getPostsRoot
FNDA:2,getAllPostsIds
FNDA:2,getPostsIsLoading
FNDA:2,getPostsError
FNDA:2,getPostById
DA:7,8
DA:11,2
DA:12,2
DA:16,2
DA:17,2
DA:21,2
DA:22,2
DA:26,2
DA:27,2
DA:28,2
LF:10
LH:10
BRDA:28,0,0,1
BRDA:28,0,1,1
BRF:2
BRH:2
end_of_record
TN:
SF:src/utils/loadData.ts
FN:1,(anonymous_0)
FNF:1
FNH:1
FNDA:1,(anonymous_0)
DA:1,2
DA:2,1
DA:3,1
DA:5,1
LF:4
LH:4
BRF:0
BRH:0
end_of_record
TN:
SF:src/utils/normalizeData.ts
FN:7,normalizeData
FN:10,(anonymous_1)
FNF:2
FNH:2
FNDA:5,normalizeData
FNDA:12,(anonymous_1)
DA:10,5
DA:11,12
LF:2
LH:2
BRF:0
BRH:0
end_of_record
